<?xml version="1.0" encoding="UTF-8"?>
<testng-results skipped="0" failed="0" total="1" passed="1">
  <reporter-output>
  </reporter-output>
  <suite name="Default suite" duration-ms="17255" started-at="2013-11-27T15:14:45Z" finished-at="2013-11-27T15:15:03Z">
    <groups>
    </groups>
    <test name="Default test" duration-ms="17255" started-at="2013-11-27T15:14:45Z" finished-at="2013-11-27T15:15:03Z">
      <class name="com.globant.training.tests.Tests">
        <test-method status="PASS" signature="before()[pri:0, instance:com.globant.training.tests.Tests@6cdd9e27]" name="before" is-config="true" duration-ms="12090" started-at="2013-11-27T10:14:45Z" finished-at="2013-11-27T10:14:57Z">
          <reporter-output>
          </reporter-output>
        </test-method> <!-- before -->
        <test-method status="PASS" signature="ValidateSiteTitle()[pri:0, instance:com.globant.training.tests.Tests@6cdd9e27]" name="ValidateSiteTitle" duration-ms="4857" started-at="2013-11-27T10:14:57Z" finished-at="2013-11-27T10:15:02Z">
          <reporter-output>
          </reporter-output>
        </test-method> <!-- ValidateSiteTitle -->
        <test-method status="PASS" signature="after()[pri:0, instance:com.globant.training.tests.Tests@6cdd9e27]" name="after" is-config="true" duration-ms="293" started-at="2013-11-27T10:15:02Z" finished-at="2013-11-27T10:15:03Z">
          <reporter-output>
          </reporter-output>
        </test-method> <!-- after -->
      </class> <!-- com.globant.training.tests.Tests -->
    </test> <!-- Default test -->
  </suite> <!-- Default suite -->
</testng-results>
